This is pdfTeX, Version 3.14159265-2.6-1.40.16 (TeX Live 2015) (preloaded format=pdflatex 2015.12.23)  24 FEB 2017 21:44
entering extended mode
 restricted \write18 enabled.
 file:line:error style messages enabled.
 %&-line parsing enabled.
**THESIS_v1.tex
(./THESIS_v1.tex
LaTeX2e <2015/01/01>
Babel <3.9l> and hyphenation patterns for 79 languages loaded.
(/usr/local/texlive/2015/texmf-dist/tex/latex/base/article.cls
Document Class: article 2014/09/29 v1.4h Standard LaTeX document class
(/usr/local/texlive/2015/texmf-dist/tex/latex/base/size11.clo
File: size11.clo 2014/09/29 v1.4h Standard LaTeX file (size option)
)
\c@part=\count79
\c@section=\count80
\c@subsection=\count81
\c@subsubsection=\count82
\c@paragraph=\count83
\c@subparagraph=\count84
\c@figure=\count85
\c@table=\count86
\abovecaptionskip=\skip41
\belowcaptionskip=\skip42
\bibindent=\dimen102
)
(/usr/local/texlive/2015/texmf-dist/tex/latex/geometry/geometry.sty
Package: geometry 2010/09/12 v5.6 Page Geometry

(/usr/local/texlive/2015/texmf-dist/tex/latex/graphics/keyval.sty
Package: keyval 2014/10/28 v1.15 key=value parser (DPC)
\KV@toks@=\toks14
)
(/usr/local/texlive/2015/texmf-dist/tex/generic/oberdiek/ifpdf.sty
Package: ifpdf 2011/01/30 v2.3 Provides the ifpdf switch (HO)
Package ifpdf Info: pdfTeX in PDF mode is detected.
)
(/usr/local/texlive/2015/texmf-dist/tex/generic/oberdiek/ifvtex.sty
Package: ifvtex 2010/03/01 v1.5 Detect VTeX and its facilities (HO)
Package ifvtex Info: VTeX not detected.
)
(/usr/local/texlive/2015/texmf-dist/tex/generic/ifxetex/ifxetex.sty
Package: ifxetex 2010/09/12 v0.6 Provides ifxetex conditional
)
\Gm@cnth=\count87
\Gm@cntv=\count88
\c@Gm@tempcnt=\count89
\Gm@bindingoffset=\dimen103
\Gm@wd@mp=\dimen104
\Gm@odd@mp=\dimen105
\Gm@even@mp=\dimen106
\Gm@layoutwidth=\dimen107
\Gm@layoutheight=\dimen108
\Gm@layouthoffset=\dimen109
\Gm@layoutvoffset=\dimen110
\Gm@dimlist=\toks15
)
(/usr/local/texlive/2015/texmf-dist/tex/latex/multirow/multirow.sty
\bigstrutjot=\dimen111
)
(/usr/local/texlive/2015/texmf-dist/tex/latex/graphics/color.sty
Package: color 2014/10/28 v1.1a Standard LaTeX Color (DPC)

(/usr/local/texlive/2015/texmf-dist/tex/latex/latexconfig/color.cfg
File: color.cfg 2007/01/18 v1.5 color configuration of teTeX/TeXLive
)
Package color Info: Driver file: pdftex.def on input line 142.

(/usr/local/texlive/2015/texmf-dist/tex/latex/pdftex-def/pdftex.def
File: pdftex.def 2011/05/27 v0.06d Graphics/color for pdfTeX

(/usr/local/texlive/2015/texmf-dist/tex/generic/oberdiek/infwarerr.sty
Package: infwarerr 2010/04/08 v1.3 Providing info/warning/error messages (HO)
)
(/usr/local/texlive/2015/texmf-dist/tex/generic/oberdiek/ltxcmds.sty
Package: ltxcmds 2011/11/09 v1.22 LaTeX kernel commands for general use (HO)
)
\Gread@gobject=\count90
))
(/usr/local/texlive/2015/texmf-dist/tex/latex/rotating/rotating.sty
Package: rotating 2009/03/28 v2.16a rotated objects in LaTeX

(/usr/local/texlive/2015/texmf-dist/tex/latex/graphics/graphicx.sty
Package: graphicx 2014/10/28 v1.0g Enhanced LaTeX Graphics (DPC,SPQR)

(/usr/local/texlive/2015/texmf-dist/tex/latex/graphics/graphics.sty
Package: graphics 2014/10/28 v1.0p Standard LaTeX Graphics (DPC,SPQR)

(/usr/local/texlive/2015/texmf-dist/tex/latex/graphics/trig.sty
Package: trig 1999/03/16 v1.09 sin cos tan (DPC)
)
(/usr/local/texlive/2015/texmf-dist/tex/latex/latexconfig/graphics.cfg
File: graphics.cfg 2010/04/23 v1.9 graphics configuration of TeX Live
)
Package graphics Info: Driver file: pdftex.def on input line 94.
)
\Gin@req@height=\dimen112
\Gin@req@width=\dimen113
)
(/usr/local/texlive/2015/texmf-dist/tex/latex/base/ifthen.sty
Package: ifthen 2014/09/29 v1.1c Standard LaTeX ifthen package (DPC)
)
\c@r@tfl@t=\count91
\rotFPtop=\skip43
\rotFPbot=\skip44
\rot@float@box=\box26
\rot@mess@toks=\toks16
)
(/usr/local/texlive/2015/texmf-dist/tex/latex/amsfonts/amssymb.sty
Package: amssymb 2013/01/14 v3.01 AMS font symbols

(/usr/local/texlive/2015/texmf-dist/tex/latex/amsfonts/amsfonts.sty
Package: amsfonts 2013/01/14 v3.01 Basic AMSFonts support
\@emptytoks=\toks17
\symAMSa=\mathgroup4
\symAMSb=\mathgroup5
LaTeX Font Info:    Overwriting math alphabet `\mathfrak' in version `bold'
(Font)                  U/euf/m/n --> U/euf/b/n on input line 106.
))
(/usr/local/texlive/2015/texmf-dist/tex/latex/hyperref/hyperref.sty
Package: hyperref 2012/11/06 v6.83m Hypertext links for LaTeX

(/usr/local/texlive/2015/texmf-dist/tex/generic/oberdiek/hobsub-hyperref.sty
Package: hobsub-hyperref 2012/05/28 v1.13 Bundle oberdiek, subset hyperref (HO)


(/usr/local/texlive/2015/texmf-dist/tex/generic/oberdiek/hobsub-generic.sty
Package: hobsub-generic 2012/05/28 v1.13 Bundle oberdiek, subset generic (HO)
Package: hobsub 2012/05/28 v1.13 Construct package bundles (HO)
Package hobsub Info: Skipping package `infwarerr' (already loaded).
Package hobsub Info: Skipping package `ltxcmds' (already loaded).
Package: ifluatex 2010/03/01 v1.3 Provides the ifluatex switch (HO)
Package ifluatex Info: LuaTeX not detected.
Package hobsub Info: Skipping package `ifvtex' (already loaded).
Package: intcalc 2007/09/27 v1.1 Expandable calculations with integers (HO)
Package hobsub Info: Skipping package `ifpdf' (already loaded).
Package: etexcmds 2011/02/16 v1.5 Avoid name clashes with e-TeX commands (HO)
Package etexcmds Info: Could not find \expanded.
(etexcmds)             That can mean that you are not using pdfTeX 1.50 or
(etexcmds)             that some package has redefined \expanded.
(etexcmds)             In the latter case, load this package earlier.
Package: kvsetkeys 2012/04/25 v1.16 Key value parser (HO)
Package: kvdefinekeys 2011/04/07 v1.3 Define keys (HO)
Package: pdftexcmds 2011/11/29 v0.20 Utility functions of pdfTeX for LuaTeX (HO
)
Package pdftexcmds Info: LuaTeX not detected.
Package pdftexcmds Info: \pdf@primitive is available.
Package pdftexcmds Info: \pdf@ifprimitive is available.
Package pdftexcmds Info: \pdfdraftmode found.
Package: pdfescape 2011/11/25 v1.13 Implements pdfTeX's escape features (HO)
Package: bigintcalc 2012/04/08 v1.3 Expandable calculations on big integers (HO
)
Package: bitset 2011/01/30 v1.1 Handle bit-vector datatype (HO)
Package: uniquecounter 2011/01/30 v1.2 Provide unlimited unique counter (HO)
)
Package hobsub Info: Skipping package `hobsub' (already loaded).
Package: letltxmacro 2010/09/02 v1.4 Let assignment for LaTeX macros (HO)
Package: hopatch 2012/05/28 v1.2 Wrapper for package hooks (HO)
Package: xcolor-patch 2011/01/30 xcolor patch
Package: atveryend 2011/06/30 v1.8 Hooks at the very end of document (HO)
Package atveryend Info: \enddocument detected (standard20110627).
Package: atbegshi 2011/10/05 v1.16 At begin shipout hook (HO)
Package: refcount 2011/10/16 v3.4 Data extraction from label references (HO)
Package: hycolor 2011/01/30 v1.7 Color options for hyperref/bookmark (HO)
)
(/usr/local/texlive/2015/texmf-dist/tex/latex/oberdiek/auxhook.sty
Package: auxhook 2011/03/04 v1.3 Hooks for auxiliary files (HO)
)
(/usr/local/texlive/2015/texmf-dist/tex/latex/oberdiek/kvoptions.sty
Package: kvoptions 2011/06/30 v3.11 Key value format for package options (HO)
)
\@linkdim=\dimen114
\Hy@linkcounter=\count92
\Hy@pagecounter=\count93

(/usr/local/texlive/2015/texmf-dist/tex/latex/hyperref/pd1enc.def
File: pd1enc.def 2012/11/06 v6.83m Hyperref: PDFDocEncoding definition (HO)
)
\Hy@SavedSpaceFactor=\count94

(/usr/local/texlive/2015/texmf-dist/tex/latex/latexconfig/hyperref.cfg
File: hyperref.cfg 2002/06/06 v1.2 hyperref configuration of TeXLive
)
Package hyperref Info: Hyper figures OFF on input line 4443.
Package hyperref Info: Link nesting OFF on input line 4448.
Package hyperref Info: Hyper index ON on input line 4451.
Package hyperref Info: Plain pages OFF on input line 4458.
Package hyperref Info: Backreferencing OFF on input line 4463.
Package hyperref Info: Implicit mode ON; LaTeX internals redefined.
Package hyperref Info: Bookmarks ON on input line 4688.
\c@Hy@tempcnt=\count95

(/usr/local/texlive/2015/texmf-dist/tex/latex/url/url.sty
\Urlmuskip=\muskip10
Package: url 2013/09/16  ver 3.4  Verb mode for urls, etc.
)
LaTeX Info: Redefining \url on input line 5041.
\XeTeXLinkMargin=\dimen115
\Fld@menulength=\count96
\Field@Width=\dimen116
\Fld@charsize=\dimen117
Package hyperref Info: Hyper figures OFF on input line 6295.
Package hyperref Info: Link nesting OFF on input line 6300.
Package hyperref Info: Hyper index ON on input line 6303.
Package hyperref Info: backreferencing OFF on input line 6310.
Package hyperref Info: Link coloring OFF on input line 6315.
Package hyperref Info: Link coloring with OCG OFF on input line 6320.
Package hyperref Info: PDF/A mode OFF on input line 6325.
LaTeX Info: Redefining \ref on input line 6365.
LaTeX Info: Redefining \pageref on input line 6369.
\Hy@abspage=\count97
\c@Item=\count98
\c@Hfootnote=\count99
)

Package hyperref Message: Driver (autodetected): hpdftex.

(/usr/local/texlive/2015/texmf-dist/tex/latex/hyperref/hpdftex.def
File: hpdftex.def 2012/11/06 v6.83m Hyperref driver for pdfTeX
\Fld@listcount=\count100
\c@bookmark@seq@number=\count101

(/usr/local/texlive/2015/texmf-dist/tex/latex/oberdiek/rerunfilecheck.sty
Package: rerunfilecheck 2011/04/15 v1.7 Rerun checks for auxiliary files (HO)
Package uniquecounter Info: New unique counter `rerunfilecheck' on input line 2
82.
)
\Hy@SectionHShift=\skip45
)
(/usr/local/texlive/2015/texmf-dist/tex/latex/tools/bm.sty
Package: bm 2014/10/28 v1.1c Bold Symbol Support (DPC/FMi)
\symboldoperators=\mathgroup6
\symboldletters=\mathgroup7
\symboldsymbols=\mathgroup8
LaTeX Font Info:    Redeclaring math alphabet \mathbf on input line 141.
LaTeX Info: Redefining \bm on input line 207.
)
(/usr/local/texlive/2015/texmf-dist/tex/latex/lineno/lineno.sty
Package: lineno 2005/11/02 line numbers on paragraphs v4.41
\linenopenalty=\count102
\output=\toks18
\linenoprevgraf=\count103
\linenumbersep=\dimen118
\linenumberwidth=\dimen119
\c@linenumber=\count104
\c@pagewiselinenumber=\count105
\c@LN@truepage=\count106
\c@internallinenumber=\count107
\c@internallinenumbers=\count108
\quotelinenumbersep=\dimen120
\bframerule=\dimen121
\bframesep=\dimen122
\bframebox=\box27
LaTeX Info: Redefining \\ on input line 3056.
)
(/usr/local/texlive/2015/texmf-dist/tex/latex/tocbibind/tocbibind.sty
Package: tocbibind 2010/10/13 v1.5k extra ToC listings
Package tocbibind Info: The document has section divisions on input line 50.


Package tocbibind Note: Using section or other style headings.

) (./THESIS_v1.aux

LaTeX Warning: Label `fig:sigpPba' multiply defined.


LaTeX Warning: Label `sec:pPb:spectra' multiply defined.

)
\openout1 = `THESIS_v1.aux'.

LaTeX Font Info:    Checking defaults for OML/cmm/m/it on input line 73.
LaTeX Font Info:    ... okay on input line 73.
LaTeX Font Info:    Checking defaults for T1/cmr/m/n on input line 73.
LaTeX Font Info:    ... okay on input line 73.
LaTeX Font Info:    Checking defaults for OT1/cmr/m/n on input line 73.
LaTeX Font Info:    ... okay on input line 73.
LaTeX Font Info:    Checking defaults for OMS/cmsy/m/n on input line 73.
LaTeX Font Info:    ... okay on input line 73.
LaTeX Font Info:    Checking defaults for OMX/cmex/m/n on input line 73.
LaTeX Font Info:    ... okay on input line 73.
LaTeX Font Info:    Checking defaults for U/cmr/m/n on input line 73.
LaTeX Font Info:    ... okay on input line 73.
LaTeX Font Info:    Checking defaults for PD1/pdf/m/n on input line 73.
LaTeX Font Info:    ... okay on input line 73.

*geometry* driver: auto-detecting
*geometry* detected driver: pdftex
*geometry* verbose mode - [ preamble ] result:
* driver: pdftex
* paper: letterpaper
* layout: <same size as paper>
* layoutoffset:(h,v)=(0.0pt,0.0pt)
* modes: 
* h-part:(L,W,R)=(92.14519pt, 430.00462pt, 92.14519pt)
* v-part:(T,H,B)=(95.39737pt, 556.47656pt, 143.09605pt)
* \paperwidth=614.295pt
* \paperheight=794.96999pt
* \textwidth=430.00462pt
* \textheight=556.47656pt
* \oddsidemargin=19.8752pt
* \evensidemargin=19.8752pt
* \topmargin=-13.87262pt
* \headheight=12.0pt
* \headsep=25.0pt
* \topskip=11.0pt
* \footskip=30.0pt
* \marginparwidth=59.0pt
* \marginparsep=10.0pt
* \columnsep=10.0pt
* \skip\footins=10.0pt plus 4.0pt minus 2.0pt
* \hoffset=0.0pt
* \voffset=0.0pt
* \mag=1000
* \@twocolumnfalse
* \@twosidefalse
* \@mparswitchfalse
* \@reversemarginfalse
* (1in=72.27pt=25.4mm, 1cm=28.453pt)

(/usr/local/texlive/2015/texmf-dist/tex/context/base/supp-pdf.mkii
[Loading MPS to PDF converter (version 2006.09.02).]
\scratchcounter=\count109
\scratchdimen=\dimen123
\scratchbox=\box28
\nofMPsegments=\count110
\nofMParguments=\count111
\everyMPshowfont=\toks19
\MPscratchCnt=\count112
\MPscratchDim=\dimen124
\MPnumerator=\count113
\makeMPintoPDFobject=\count114
\everyMPtoPDFconversion=\toks20
) (/usr/local/texlive/2015/texmf-dist/tex/latex/oberdiek/epstopdf-base.sty
Package: epstopdf-base 2010/02/09 v2.5 Base part for package epstopdf

(/usr/local/texlive/2015/texmf-dist/tex/latex/oberdiek/grfext.sty
Package: grfext 2010/08/19 v1.1 Manage graphics extensions (HO)
)
Package grfext Info: Graphics extension search list:
(grfext)             [.png,.pdf,.jpg,.mps,.jpeg,.jbig2,.jb2,.PNG,.PDF,.JPG,.JPE
G,.JBIG2,.JB2,.eps]
(grfext)             \AppendGraphicsExtensions on input line 452.

(/usr/local/texlive/2015/texmf-dist/tex/latex/latexconfig/epstopdf-sys.cfg
File: epstopdf-sys.cfg 2010/07/13 v1.3 Configuration of (r)epstopdf for TeX Liv
e
))
\AtBeginShipoutBox=\box29
Package hyperref Info: Link coloring OFF on input line 73.

(/usr/local/texlive/2015/texmf-dist/tex/latex/hyperref/nameref.sty
Package: nameref 2012/10/27 v2.43 Cross-referencing by name of section

(/usr/local/texlive/2015/texmf-dist/tex/generic/oberdiek/gettitlestring.sty
Package: gettitlestring 2010/12/03 v1.4 Cleanup title references (HO)
)
\c@section@level=\count115
)
LaTeX Info: Redefining \ref on input line 73.
LaTeX Info: Redefining \pageref on input line 73.
LaTeX Info: Redefining \nameref on input line 73.

(./THESIS_v1.out) (./THESIS_v1.out)
\@outlinefile=\write3
\openout3 = `THESIS_v1.out'.

LaTeX Font Info:    Try loading font information for U+msa on input line 76.

(/usr/local/texlive/2015/texmf-dist/tex/latex/amsfonts/umsa.fd
File: umsa.fd 2013/01/14 v3.01 AMS symbols A
)
LaTeX Font Info:    Try loading font information for U+msb on input line 76.

(/usr/local/texlive/2015/texmf-dist/tex/latex/amsfonts/umsb.fd
File: umsb.fd 2013/01/14 v3.01 AMS symbols B
) [1

{/usr/local/texlive/2015/texmf-var/fonts/map/pdftex/updmap/pdftex.map}] (./THES
IS_v1.toc
[2])
\tf@toc=\write4
\openout4 = `THESIS_v1.toc'.

 [3] (./THESIS_v1.lof
Overfull \hbox (13.87257pt too wide) in paragraph at lines 10--10
 [][] [][]\OT1/cmr/m/n/10.95 The $^^D[]\OML/cmm/m/it/10.95 ^^Y[]$ \OT1/cmr/m/n/
10.95 in-vari-ant mass dis-tri-bu-tion (Same-event pairs) in 1.8$\OML/cmm/m/it/
10.95 <$ $p[]$$<$\OT1/cmr/m/n/10.95 2.2 [] 
 []


Overfull \hbox (13.87257pt too wide) in paragraph at lines 11--11
 [][] [][]\OT1/cmr/m/n/10.95 The $^^D[]\OML/cmm/m/it/10.95 ^^Y[]$ \OT1/cmr/m/n/
10.95 in-vari-ant mass dis-tri-bu-tion (Same-event pairs) in 3.0$\OML/cmm/m/it/
10.95 <$ $p[]$$<$\OT1/cmr/m/n/10.95 3.5 [] 
 []

[4])
\tf@lof=\write5
\openout5 = `THESIS_v1.lof'.

 [5] (./THESIS_v1.lot
Overfull \hbox (13.97221pt too wide) in paragraph at lines 8--8
 [][] [][]\OT1/cmr/m/n/10.95 Summary of the sys-tem-atic un-cer-tain-ties on th
e dif-fer-en-tial yield, $d[]\OML/cmm/m/it/10.95 N=\OT1/cmr/m/n/10.95 (d\OML/cm
m/m/it/10.95 p[]\OT1/cmr/m/n/10.95 d\OML/cmm/m/it/10.95 y\OT1/cmr/m/n/10.95 )$.
 
 []

)
\tf@lot=\write6
\openout6 = `THESIS_v1.lot'.

 [6] (./Version1/Chapter1.tex) (./Version1/Chapter2.tex)
(./Version1/Chapter3.tex
Underfull \hbox (badness 10000) in paragraph at lines 4--6

 []

[7]
Overfull \hbox (12.49463pt too wide) in paragraph at lines 15--16
[]\OT1/cmr/m/n/10.95 The vol-ume de-pen-dence can-cels out when study-ing the p
ar-ti-cle ra-tios as well as strangeness
 []

[8]
Underfull \hbox (badness 10000) in paragraph at lines 38--40

 []


Underfull \hbox (badness 10000) in paragraph at lines 38--40

 []


Underfull \hbox (badness 10000) in paragraph at lines 38--40

 []


Overfull \hbox (200.76407pt too wide) in paragraph at lines 52--83
[]|  [] 
 []


Overfull \hbox (76.40808pt too wide) in paragraph at lines 91--105
 [][] 
 []

Package epstopdf Info: Source file: <./Version1/FigChapter3/KStarToK.eps>
(epstopdf)                    date: 2016-03-15 00:41:26
(epstopdf)                    size: 8605 bytes
(epstopdf)             Output file: <./Version1/FigChapter3/KStarToK-eps-conver
ted-to.pdf>
(epstopdf)                    date: 2016-03-15 00:42:08
(epstopdf)                    size: 7299 bytes
(epstopdf)             Command: <repstopdf --outfile=./Version1/FigChapter3/KSt
arToK-eps-converted-to.pdf ./Version1/FigChapter3/KStarToK.eps>
(epstopdf)             \includegraphics on input line 113.
Package epstopdf Info: Output file is already uptodate.

<./Version1/FigChapter3/KStarToK-eps-converted-to.pdf, id=399, 569.12625pt x 38
7.4475pt>
File: ./Version1/FigChapter3/KStarToK-eps-converted-to.pdf Graphic file (type p
df)
 <use ./Version1/FigChapter3/KStarToK-eps-converted-to.pdf>
Package pdftex.def Info: ./Version1/FigChapter3/KStarToK-eps-converted-to.pdf u
sed on input line 113.
(pdftex.def)             Requested size: 200.75073pt x 136.66689pt.
Package epstopdf Info: Source file: <./Version1/FigChapter3/RhoToPion.eps>
(epstopdf)                    date: 2016-12-31 14:43:14
(epstopdf)                    size: 10321 bytes
(epstopdf)             Output file: <./Version1/FigChapter3/RhoToPion-eps-conve
rted-to.pdf>
(epstopdf)                    date: 2016-12-31 14:50:07
(epstopdf)                    size: 8696 bytes
(epstopdf)             Command: <repstopdf --outfile=./Version1/FigChapter3/Rho
ToPion-eps-converted-to.pdf ./Version1/FigChapter3/RhoToPion.eps>
(epstopdf)             \includegraphics on input line 114.
Package epstopdf Info: Output file is already uptodate.

<./Version1/FigChapter3/RhoToPion-eps-converted-to.pdf, id=400, 569.12625pt x 3
87.4475pt>
File: ./Version1/FigChapter3/RhoToPion-eps-converted-to.pdf Graphic file (type 
pdf)
 <use ./Version1/FigChapter3/RhoToPion-eps-converted-to.pdf>
Package pdftex.def Info: ./Version1/FigChapter3/RhoToPion-eps-converted-to.pdf 
used on input line 114.
(pdftex.def)             Requested size: 200.75073pt x 136.66689pt.
Package epstopdf Info: Source file: <./Version1/FigChapter3/DeltaToProton.eps>
(epstopdf)                    date: 2016-03-15 00:41:26
(epstopdf)                    size: 8720 bytes
(epstopdf)             Output file: <./Version1/FigChapter3/DeltaToProton-eps-c
onverted-to.pdf>
(epstopdf)                    date: 2016-03-15 00:45:22
(epstopdf)                    size: 7423 bytes
(epstopdf)             Command: <repstopdf --outfile=./Version1/FigChapter3/Del
taToProton-eps-converted-to.pdf ./Version1/FigChapter3/DeltaToProton.eps>
(epstopdf)             \includegraphics on input line 115.
Package epstopdf Info: Output file is already uptodate.

<./Version1/FigChapter3/DeltaToProton-eps-converted-to.pdf, id=401, 569.12625pt
 x 387.4475pt>
File: ./Version1/FigChapter3/DeltaToProton-eps-converted-to.pdf Graphic file (t
ype pdf)
 <use ./Version1/FigChapter3/DeltaToProton-eps-converted-to.pdf>
Package pdftex.def Info: ./Version1/FigChapter3/DeltaToProton-eps-converted-to.
pdf used on input line 115.
(pdftex.def)             Requested size: 200.75073pt x 136.66689pt.
Package epstopdf Info: Source file: <./Version1/FigChapter3/LambdaStarToLambda.
eps>
(epstopdf)                    date: 2016-03-15 00:41:26
(epstopdf)                    size: 8116 bytes
(epstopdf)             Output file: <./Version1/FigChapter3/LambdaStarToLambda-
eps-converted-to.pdf>
(epstopdf)                    date: 2016-03-15 00:45:11
(epstopdf)                    size: 7801 bytes
(epstopdf)             Command: <repstopdf --outfile=./Version1/FigChapter3/Lam
bdaStarToLambda-eps-converted-to.pdf ./Version1/FigChapter3/LambdaStarToLambda.
eps>
(epstopdf)             \includegraphics on input line 116.
Package epstopdf Info: Output file is already uptodate.

<./Version1/FigChapter3/LambdaStarToLambda-eps-converted-to.pdf, id=402, 569.12
625pt x 387.4475pt>
File: ./Version1/FigChapter3/LambdaStarToLambda-eps-converted-to.pdf Graphic fi
le (type pdf)

<use ./Version1/FigChapter3/LambdaStarToLambda-eps-converted-to.pdf>
Package pdftex.def Info: ./Version1/FigChapter3/LambdaStarToLambda-eps-converte
d-to.pdf used on input line 116.
(pdftex.def)             Requested size: 200.75073pt x 136.66689pt.
Package epstopdf Info: Source file: <./Version1/FigChapter3/SigmaRatio.eps>
(epstopdf)                    date: 2016-03-15 00:41:26
(epstopdf)                    size: 11423 bytes
(epstopdf)             Output file: <./Version1/FigChapter3/SigmaRatio-eps-conv
erted-to.pdf>
(epstopdf)                    date: 2016-03-15 00:45:14
(epstopdf)                    size: 9662 bytes
(epstopdf)             Command: <repstopdf --outfile=./Version1/FigChapter3/Sig
maRatio-eps-converted-to.pdf ./Version1/FigChapter3/SigmaRatio.eps>
(epstopdf)             \includegraphics on input line 117.
Package epstopdf Info: Output file is already uptodate.

<./Version1/FigChapter3/SigmaRatio-eps-converted-to.pdf, id=403, 569.12625pt x 
387.4475pt>
File: ./Version1/FigChapter3/SigmaRatio-eps-converted-to.pdf Graphic file (type
 pdf)
 <use ./Version1/FigChapter3/SigmaRatio-eps-converted-to.pdf>
Package pdftex.def Info: ./Version1/FigChapter3/SigmaRatio-eps-converted-to.pdf
 used on input line 117.
(pdftex.def)             Requested size: 200.75073pt x 136.66689pt.
Package epstopdf Info: Source file: <./Version1/FigChapter3/SigmaStarRatio.eps>

(epstopdf)                    date: 2016-03-15 00:41:26
(epstopdf)                    size: 13050 bytes
(epstopdf)             Output file: <./Version1/FigChapter3/SigmaStarRatio-eps-
converted-to.pdf>
(epstopdf)                    date: 2016-03-15 00:45:16
(epstopdf)                    size: 10844 bytes
(epstopdf)             Command: <repstopdf --outfile=./Version1/FigChapter3/Sig
maStarRatio-eps-converted-to.pdf ./Version1/FigChapter3/SigmaStarRatio.eps>
(epstopdf)             \includegraphics on input line 118.
Package epstopdf Info: Output file is already uptodate.

<./Version1/FigChapter3/SigmaStarRatio-eps-converted-to.pdf, id=404, 569.12625p
t x 387.4475pt>
File: ./Version1/FigChapter3/SigmaStarRatio-eps-converted-to.pdf Graphic file (
type pdf)

<use ./Version1/FigChapter3/SigmaStarRatio-eps-converted-to.pdf>
Package pdftex.def Info: ./Version1/FigChapter3/SigmaStarRatio-eps-converted-to
.pdf used on input line 118.
(pdftex.def)             Requested size: 200.75073pt x 136.66689pt.
Package epstopdf Info: Source file: <./Version1/FigChapter3/XiStarToXi.eps>
(epstopdf)                    date: 2016-03-15 00:41:26
(epstopdf)                    size: 8877 bytes
(epstopdf)             Output file: <./Version1/FigChapter3/XiStarToXi-eps-conv
erted-to.pdf>
(epstopdf)                    date: 2016-03-15 00:45:19
(epstopdf)                    size: 8127 bytes
(epstopdf)             Command: <repstopdf --outfile=./Version1/FigChapter3/XiS
tarToXi-eps-converted-to.pdf ./Version1/FigChapter3/XiStarToXi.eps>
(epstopdf)             \includegraphics on input line 119.
Package epstopdf Info: Output file is already uptodate.

<./Version1/FigChapter3/XiStarToXi-eps-converted-to.pdf, id=405, 569.12625pt x 
387.4475pt>
File: ./Version1/FigChapter3/XiStarToXi-eps-converted-to.pdf Graphic file (type
 pdf)
 <use ./Version1/FigChapter3/XiStarToXi-eps-converted-to.pdf>
Package pdftex.def Info: ./Version1/FigChapter3/XiStarToXi-eps-converted-to.pdf
 used on input line 119.
(pdftex.def)             Requested size: 200.75073pt x 136.66689pt.


LaTeX Warning: Float too large for page by 55.991pt on input line 122.

[9] [10 <./Version1/FigChapter3/KStarToK-eps-converted-to.pdf> <./Version1/FigC
hapter3/RhoToPion-eps-converted-to.pdf> <./Version1/FigChapter3/DeltaToProton-e
ps-converted-to.pdf> <./Version1/FigChapter3/LambdaStarToLambda-eps-converted-t
o.pdf> <./Version1/FigChapter3/SigmaRatio-eps-converted-to.pdf> <./Version1/Fig
Chapter3/SigmaStarRatio-eps-converted-to.pdf> <./Version1/FigChapter3/XiStarToX
i-eps-converted-to.pdf>]
<./Version1/FigChapter3/Kstar_sqrt_s.pdf, id=475, 569.12625pt x 432.61626pt>
File: ./Version1/FigChapter3/Kstar_sqrt_s.pdf Graphic file (type pdf)

<use ./Version1/FigChapter3/Kstar_sqrt_s.pdf>
Package pdftex.def Info: ./Version1/FigChapter3/Kstar_sqrt_s.pdf used on input 
line 130.
(pdftex.def)             Requested size: 200.75073pt x 152.59956pt.

<./Version1/FigChapter3/RhoToPion_sqrt_s.pdf, id=476, 569.12625pt x 388.45125pt
>
File: ./Version1/FigChapter3/RhoToPion_sqrt_s.pdf Graphic file (type pdf)
 <use ./Version1/FigChapter3/RhoToPion_sqrt_s.pdf>
Package pdftex.def Info: ./Version1/FigChapter3/RhoToPion_sqrt_s.pdf used on in
put line 131.
(pdftex.def)             Requested size: 200.75073pt x 137.02095pt.
) (./Version1/Chapter4.tex
[11 <./Version1/FigChapter3/Kstar_sqrt_s.pdf, page is rotated 90 degrees> <./Ve
rsion1/FigChapter3/RhoToPion_sqrt_s.pdf, page is rotated 90 degrees>])
(./Version1/Chapter5.tex

Package hyperref Warning: Token not allowed in a PDF string (PDFDocEncoding):
(hyperref)                removing `math shift' on input line 1.


Package hyperref Warning: Token not allowed in a PDF string (PDFDocEncoding):
(hyperref)                removing `\Xi' on input line 1.


Package hyperref Warning: Token not allowed in a PDF string (PDFDocEncoding):
(hyperref)                removing `superscript' on input line 1.


Package hyperref Warning: Token not allowed in a PDF string (PDFDocEncoding):
(hyperref)                removing `math shift' on input line 1.

[12]

Package hyperref Warning: Token not allowed in a PDF string (PDFDocEncoding):
(hyperref)                removing `math shift' on input line 5.


Package hyperref Warning: Token not allowed in a PDF string (PDFDocEncoding):
(hyperref)                removing `\Xi' on input line 5.


Package hyperref Warning: Token not allowed in a PDF string (PDFDocEncoding):
(hyperref)                removing `superscript' on input line 5.


Package hyperref Warning: Token not allowed in a PDF string (PDFDocEncoding):
(hyperref)                removing `math shift' on input line 5.

[13]
LaTeX Font Info:    Try loading font information for OMS+cmr on input line 35.
 (/usr/local/texlive/2015/texmf-dist/tex/latex/base/omscmr.fd
File: omscmr.fd 2014/09/29 v2.5h Standard LaTeX font definitions
)
LaTeX Font Info:    Font shape `OMS/cmr/m/n' in size <10.95> not available
(Font)              Font shape `OMS/cmsy/m/n' tried instead on input line 35.
Package epstopdf Info: Source file: <./Version1/FigChapter5/Selection/VertexZ.e
ps>
(epstopdf)                    date: 2017-02-22 10:51:51
(epstopdf)                    size: 14941 bytes
(epstopdf)             Output file: <./Version1/FigChapter5/Selection/VertexZ-e
ps-converted-to.pdf>
(epstopdf)                    date: 2017-02-22 10:51:55
(epstopdf)                    size: 12884 bytes
(epstopdf)             Command: <repstopdf --outfile=./Version1/FigChapter5/Sel
ection/VertexZ-eps-converted-to.pdf ./Version1/FigChapter5/Selection/VertexZ.ep
s>
(epstopdf)             \includegraphics on input line 47.
Package epstopdf Info: Output file is already uptodate.

<./Version1/FigChapter5/Selection/VertexZ-eps-converted-to.pdf, id=591, 569.126
25pt x 386.44376pt>
File: ./Version1/FigChapter5/Selection/VertexZ-eps-converted-to.pdf Graphic fil
e (type pdf)

<use ./Version1/FigChapter5/Selection/VertexZ-eps-converted-to.pdf>
Package pdftex.def Info: ./Version1/FigChapter5/Selection/VertexZ-eps-converted
-to.pdf used on input line 47.
(pdftex.def)             Requested size: 284.52756pt x 193.2037pt.
Package epstopdf Info: Source file: <./Version1/FigChapter5/Selection/Centralit
y.eps>
(epstopdf)                    date: 2017-02-22 12:15:15
(epstopdf)                    size: 14490 bytes
(epstopdf)             Output file: <./Version1/FigChapter5/Selection/Centralit
y-eps-converted-to.pdf>
(epstopdf)                    date: 2017-02-22 12:15:19
(epstopdf)                    size: 11281 bytes
(epstopdf)             Command: <repstopdf --outfile=./Version1/FigChapter5/Sel
ection/Centrality-eps-converted-to.pdf ./Version1/FigChapter5/Selection/Central
ity.eps>
(epstopdf)             \includegraphics on input line 82.
Package epstopdf Info: Output file is already uptodate.

<./Version1/FigChapter5/Selection/Centrality-eps-converted-to.pdf, id=592, 569.
12625pt x 386.44376pt>
File: ./Version1/FigChapter5/Selection/Centrality-eps-converted-to.pdf Graphic 
file (type pdf)

<use ./Version1/FigChapter5/Selection/Centrality-eps-converted-to.pdf>
Package pdftex.def Info: ./Version1/FigChapter5/Selection/Centrality-eps-conver
ted-to.pdf used on input line 82.
(pdftex.def)             Requested size: 284.52756pt x 193.2037pt.
 [14]
[15 <./Version1/FigChapter5/Selection/VertexZ-eps-converted-to.pdf> <./Version1
/FigChapter5/Selection/Centrality-eps-converted-to.pdf>]
Package epstopdf Info: Source file: <./Version1/FigChapter5/Selection/sketch.ep
s>
(epstopdf)                    date: 2017-02-22 13:11:04
(epstopdf)                    size: 69541 bytes
(epstopdf)             Output file: <./Version1/FigChapter5/Selection/sketch-ep
s-converted-to.pdf>
(epstopdf)                    date: 2017-02-22 13:12:42
(epstopdf)                    size: 39981 bytes
(epstopdf)             Command: <repstopdf --outfile=./Version1/FigChapter5/Sel
ection/sketch-eps-converted-to.pdf ./Version1/FigChapter5/Selection/sketch.eps>

(epstopdf)             \includegraphics on input line 155.
Package epstopdf Info: Output file is already uptodate.

<./Version1/FigChapter5/Selection/sketch-eps-converted-to.pdf, id=633, 796.9775
pt x 426.59375pt>
File: ./Version1/FigChapter5/Selection/sketch-eps-converted-to.pdf Graphic file
 (type pdf)

<use ./Version1/FigChapter5/Selection/sketch-eps-converted-to.pdf>
Package pdftex.def Info: ./Version1/FigChapter5/Selection/sketch-eps-converted-
to.pdf used on input line 155.
(pdftex.def)             Requested size: 398.33858pt x 213.21823pt.


LaTeX Warning: `!h' float specifier changed to `!ht'.

[16] [17 <./Version1/FigChapter5/Selection/sketch-eps-converted-to.pdf>]
[18]
Package epstopdf Info: Source file: <./Version1/FigChapter5/Selection/TPC3rdPio
n.eps>
(epstopdf)                    date: 2017-02-22 13:40:56
(epstopdf)                    size: 11443736 bytes
(epstopdf)             Output file: <./Version1/FigChapter5/Selection/TPC3rdPio
n-eps-converted-to.pdf>
(epstopdf)                    date: 2017-02-22 13:41:34
(epstopdf)                    size: 1910511 bytes
(epstopdf)             Command: <repstopdf --outfile=./Version1/FigChapter5/Sel
ection/TPC3rdPion-eps-converted-to.pdf ./Version1/FigChapter5/Selection/TPC3rdP
ion.eps>
(epstopdf)             \includegraphics on input line 214.
Package epstopdf Info: Output file is already uptodate.

<./Version1/FigChapter5/Selection/TPC3rdPion-eps-converted-to.pdf, id=660, 569.
12625pt x 317.185pt>
File: ./Version1/FigChapter5/Selection/TPC3rdPion-eps-converted-to.pdf Graphic 
file (type pdf)

<use ./Version1/FigChapter5/Selection/TPC3rdPion-eps-converted-to.pdf>
Package pdftex.def Info: ./Version1/FigChapter5/Selection/TPC3rdPion-eps-conver
ted-to.pdf used on input line 214.
(pdftex.def)             Requested size: 199.16928pt x 111.00188pt.
Package epstopdf Info: Source file: <./Version1/FigChapter5/Selection/TPC3rdPio
nAfter.eps>
(epstopdf)                    date: 2017-02-22 13:40:56
(epstopdf)                    size: 7308960 bytes
(epstopdf)             Output file: <./Version1/FigChapter5/Selection/TPC3rdPio
nAfter-eps-converted-to.pdf>
(epstopdf)                    date: 2017-02-22 13:41:37
(epstopdf)                    size: 1202866 bytes
(epstopdf)             Command: <repstopdf --outfile=./Version1/FigChapter5/Sel
ection/TPC3rdPionAfter-eps-converted-to.pdf ./Version1/FigChapter5/Selection/TP
C3rdPionAfter.eps>
(epstopdf)             \includegraphics on input line 216.
Package epstopdf Info: Output file is already uptodate.

<./Version1/FigChapter5/Selection/TPC3rdPionAfter-eps-converted-to.pdf, id=661,
 569.12625pt x 317.185pt>
File: ./Version1/FigChapter5/Selection/TPC3rdPionAfter-eps-converted-to.pdf Gra
phic file (type pdf)

<use ./Version1/FigChapter5/Selection/TPC3rdPionAfter-eps-converted-to.pdf>
Package pdftex.def Info: ./Version1/FigChapter5/Selection/TPC3rdPionAfter-eps-c
onverted-to.pdf used on input line 216.
(pdftex.def)             Requested size: 199.16928pt x 111.00188pt.
Package epstopdf Info: Source file: <./Version1/FigChapter5/Selection/TPC2ndPio
n.eps>
(epstopdf)                    date: 2017-02-22 13:40:56
(epstopdf)                    size: 4308101 bytes
(epstopdf)             Output file: <./Version1/FigChapter5/Selection/TPC2ndPio
n-eps-converted-to.pdf>
(epstopdf)                    date: 2017-02-22 13:41:40
(epstopdf)                    size: 722364 bytes
(epstopdf)             Command: <repstopdf --outfile=./Version1/FigChapter5/Sel
ection/TPC2ndPion-eps-converted-to.pdf ./Version1/FigChapter5/Selection/TPC2ndP
ion.eps>
(epstopdf)             \includegraphics on input line 225.
Package epstopdf Info: Output file is already uptodate.

<./Version1/FigChapter5/Selection/TPC2ndPion-eps-converted-to.pdf, id=662, 569.
12625pt x 317.185pt>
File: ./Version1/FigChapter5/Selection/TPC2ndPion-eps-converted-to.pdf Graphic 
file (type pdf)

<use ./Version1/FigChapter5/Selection/TPC2ndPion-eps-converted-to.pdf>
Package pdftex.def Info: ./Version1/FigChapter5/Selection/TPC2ndPion-eps-conver
ted-to.pdf used on input line 225.
(pdftex.def)             Requested size: 199.16928pt x 111.00188pt.
Package epstopdf Info: Source file: <./Version1/FigChapter5/Selection/TPC2ndPio
nAfter.eps>
(epstopdf)                    date: 2017-02-22 13:40:56
(epstopdf)                    size: 2636550 bytes
(epstopdf)             Output file: <./Version1/FigChapter5/Selection/TPC2ndPio
nAfter-eps-converted-to.pdf>
(epstopdf)                    date: 2017-02-22 13:41:41
(epstopdf)                    size: 443141 bytes
(epstopdf)             Command: <repstopdf --outfile=./Version1/FigChapter5/Sel
ection/TPC2ndPionAfter-eps-converted-to.pdf ./Version1/FigChapter5/Selection/TP
C2ndPionAfter.eps>
(epstopdf)             \includegraphics on input line 227.
Package epstopdf Info: Output file is already uptodate.

<./Version1/FigChapter5/Selection/TPC2ndPionAfter-eps-converted-to.pdf, id=663,
 569.12625pt x 317.185pt>
File: ./Version1/FigChapter5/Selection/TPC2ndPionAfter-eps-converted-to.pdf Gra
phic file (type pdf)

<use ./Version1/FigChapter5/Selection/TPC2ndPionAfter-eps-converted-to.pdf>
Package pdftex.def Info: ./Version1/FigChapter5/Selection/TPC2ndPionAfter-eps-c
onverted-to.pdf used on input line 227.
(pdftex.def)             Requested size: 199.16928pt x 111.00188pt.
Package epstopdf Info: Source file: <./Version1/FigChapter5/Selection/TPC1stPio
n.eps>
(epstopdf)                    date: 2017-02-22 13:40:56
(epstopdf)                    size: 1227150 bytes
(epstopdf)             Output file: <./Version1/FigChapter5/Selection/TPC1stPio
n-eps-converted-to.pdf>
(epstopdf)                    date: 2017-02-22 13:41:42
(epstopdf)                    size: 214180 bytes
(epstopdf)             Command: <repstopdf --outfile=./Version1/FigChapter5/Sel
ection/TPC1stPion-eps-converted-to.pdf ./Version1/FigChapter5/Selection/TPC1stP
ion.eps>
(epstopdf)             \includegraphics on input line 236.
Package epstopdf Info: Output file is already uptodate.

<./Version1/FigChapter5/Selection/TPC1stPion-eps-converted-to.pdf, id=664, 569.
12625pt x 317.185pt>
File: ./Version1/FigChapter5/Selection/TPC1stPion-eps-converted-to.pdf Graphic 
file (type pdf)

<use ./Version1/FigChapter5/Selection/TPC1stPion-eps-converted-to.pdf>
Package pdftex.def Info: ./Version1/FigChapter5/Selection/TPC1stPion-eps-conver
ted-to.pdf used on input line 236.
(pdftex.def)             Requested size: 199.16928pt x 111.00188pt.
Package epstopdf Info: Source file: <./Version1/FigChapter5/Selection/TPC1stPio
nAfter.eps>
(epstopdf)                    date: 2017-02-22 13:40:56
(epstopdf)                    size: 559367 bytes
(epstopdf)             Output file: <./Version1/FigChapter5/Selection/TPC1stPio
nAfter-eps-converted-to.pdf>
(epstopdf)                    date: 2017-02-22 13:41:43
(epstopdf)                    size: 103004 bytes
(epstopdf)             Command: <repstopdf --outfile=./Version1/FigChapter5/Sel
ection/TPC1stPionAfter-eps-converted-to.pdf ./Version1/FigChapter5/Selection/TP
C1stPionAfter.eps>
(epstopdf)             \includegraphics on input line 238.
Package epstopdf Info: Output file is already uptodate.

<./Version1/FigChapter5/Selection/TPC1stPionAfter-eps-converted-to.pdf, id=665,
 569.12625pt x 317.185pt>
File: ./Version1/FigChapter5/Selection/TPC1stPionAfter-eps-converted-to.pdf Gra
phic file (type pdf)

<use ./Version1/FigChapter5/Selection/TPC1stPionAfter-eps-converted-to.pdf>
Package pdftex.def Info: ./Version1/FigChapter5/Selection/TPC1stPionAfter-eps-c
onverted-to.pdf used on input line 238.
(pdftex.def)             Requested size: 199.16928pt x 111.00188pt.
Package epstopdf Info: Source file: <./Version1/FigChapter5/Selection/TPCp.eps>

(epstopdf)                    date: 2017-02-22 13:40:56
(epstopdf)                    size: 4341399 bytes
(epstopdf)             Output file: <./Version1/FigChapter5/Selection/TPCp-eps-
converted-to.pdf>
(epstopdf)                    date: 2017-02-22 13:41:45
(epstopdf)                    size: 716597 bytes
(epstopdf)             Command: <repstopdf --outfile=./Version1/FigChapter5/Sel
ection/TPCp-eps-converted-to.pdf ./Version1/FigChapter5/Selection/TPCp.eps>
(epstopdf)             \includegraphics on input line 247.
Package epstopdf Info: Output file is already uptodate.

<./Version1/FigChapter5/Selection/TPCp-eps-converted-to.pdf, id=666, 569.12625p
t x 317.185pt>
File: ./Version1/FigChapter5/Selection/TPCp-eps-converted-to.pdf Graphic file (
type pdf)

<use ./Version1/FigChapter5/Selection/TPCp-eps-converted-to.pdf>
Package pdftex.def Info: ./Version1/FigChapter5/Selection/TPCp-eps-converted-to
.pdf used on input line 247.
(pdftex.def)             Requested size: 199.16928pt x 111.00188pt.
Package epstopdf Info: Source file: <./Version1/FigChapter5/Selection/TPCpAfter
.eps>
(epstopdf)                    date: 2017-02-22 13:40:56
(epstopdf)                    size: 2481576 bytes
(epstopdf)             Output file: <./Version1/FigChapter5/Selection/TPCpAfter
-eps-converted-to.pdf>
(epstopdf)                    date: 2017-02-22 13:41:47
(epstopdf)                    size: 398242 bytes
(epstopdf)             Command: <repstopdf --outfile=./Version1/FigChapter5/Sel
ection/TPCpAfter-eps-converted-to.pdf ./Version1/FigChapter5/Selection/TPCpAfte
r.eps>
(epstopdf)             \includegraphics on input line 249.
Package epstopdf Info: Output file is already uptodate.

<./Version1/FigChapter5/Selection/TPCpAfter-eps-converted-to.pdf, id=667, 569.1
2625pt x 317.185pt>
File: ./Version1/FigChapter5/Selection/TPCpAfter-eps-converted-to.pdf Graphic f
ile (type pdf)

<use ./Version1/FigChapter5/Selection/TPCpAfter-eps-converted-to.pdf>
Package pdftex.def Info: ./Version1/FigChapter5/Selection/TPCpAfter-eps-convert
ed-to.pdf used on input line 249.
(pdftex.def)             Requested size: 199.16928pt x 111.00188pt.
 [19 <./Version1/FigChapter5/Selection/TPC3rdPion-eps-converted-to.pdf> <./Vers
ion1/FigChapter5/Selection/TPC3rdPionAfter-eps-converted-to.pdf> <./Version1/Fi
gChapter5/Selection/TPC2ndPion-eps-converted-to.pdf> <./Version1/FigChapter5/Se
lection/TPC2ndPionAfter-eps-converted-to.pdf>] [20 <./Version1/FigChapter5/Sele
ction/TPC1stPion-eps-converted-to.pdf> <./Version1/FigChapter5/Selection/TPC1st
PionAfter-eps-converted-to.pdf> <./Version1/FigChapter5/Selection/TPCp-eps-conv
erted-to.pdf> <./Version1/FigChapter5/Selection/TPCpAfter-eps-converted-to.pdf>
]
Package epstopdf Info: Source file: <./Version1/FigChapter5/Extraction/SigpPb_B
efore.eps>
(epstopdf)                    date: 2017-02-22 13:54:33
(epstopdf)                    size: 21193 bytes
(epstopdf)             Output file: <./Version1/FigChapter5/Extraction/SigpPb_B
efore-eps-converted-to.pdf>
(epstopdf)                    date: 2017-02-23 16:16:50
(epstopdf)                    size: 21199 bytes
(epstopdf)             Command: <repstopdf --outfile=./Version1/FigChapter5/Ext
raction/SigpPb_Before-eps-converted-to.pdf ./Version1/FigChapter5/Extraction/Si
gpPb_Before.eps>
(epstopdf)             \includegraphics on input line 265.
Package epstopdf Info: Output file is already uptodate.

<./Version1/FigChapter5/Extraction/SigpPb_Before-eps-converted-to.pdf, id=722, 
569.12625pt x 409.53pt>
File: ./Version1/FigChapter5/Extraction/SigpPb_Before-eps-converted-to.pdf Grap
hic file (type pdf)

<use ./Version1/FigChapter5/Extraction/SigpPb_Before-eps-converted-to.pdf>
Package pdftex.def Info: ./Version1/FigChapter5/Extraction/SigpPb_Before-eps-co
nverted-to.pdf used on input line 265.
(pdftex.def)             Requested size: 341.43306pt x 245.69489pt.

Underfull \hbox (badness 1320) in paragraph at lines 271--271
[]\OT1/cmr/m/n/10.95 Figure 10: [] The $^^D[]\OML/cmm/m/it/10.95 ^^Y[]$ \OT1/cm
r/m/n/10.95 in-vari-ant mass dis-tri-bu-tion (Same-event pairs) in 1.8$\OML/cmm
/m/it/10.95 <$
 []

Package epstopdf Info: Source file: <./Version1/FigChapter5/Extraction/SigPbPb_
Before.eps>
(epstopdf)                    date: 2017-02-23 15:41:46
(epstopdf)                    size: 15538 bytes
(epstopdf)             Output file: <./Version1/FigChapter5/Extraction/SigPbPb_
Before-eps-converted-to.pdf>
(epstopdf)                    date: 2017-02-23 16:16:50
(epstopdf)                    size: 16633 bytes
(epstopdf)             Command: <repstopdf --outfile=./Version1/FigChapter5/Ext
raction/SigPbPb_Before-eps-converted-to.pdf ./Version1/FigChapter5/Extraction/S
igPbPb_Before.eps>
(epstopdf)             \includegraphics on input line 277.
Package epstopdf Info: Output file is already uptodate.

<./Version1/FigChapter5/Extraction/SigPbPb_Before-eps-converted-to.pdf, id=723,
 569.12625pt x 409.53pt>
File: ./Version1/FigChapter5/Extraction/SigPbPb_Before-eps-converted-to.pdf Gra
phic file (type pdf)

<use ./Version1/FigChapter5/Extraction/SigPbPb_Before-eps-converted-to.pdf>
Package pdftex.def Info: ./Version1/FigChapter5/Extraction/SigPbPb_Before-eps-c
onverted-to.pdf used on input line 277.
(pdftex.def)             Requested size: 341.43306pt x 245.69489pt.

Underfull \hbox (badness 1320) in paragraph at lines 283--283
[]\OT1/cmr/m/n/10.95 Figure 11: [] The $^^D[]\OML/cmm/m/it/10.95 ^^Y[]$ \OT1/cm
r/m/n/10.95 in-vari-ant mass dis-tri-bu-tion (Same-event pairs) in 3.0$\OML/cmm
/m/it/10.95 <$
 []

[21 <./Version1/FigChapter5/Extraction/SigpPb_Before-eps-converted-to.pdf>]
[22 <./Version1/FigChapter5/Extraction/SigPbPb_Before-eps-converted-to.pdf>]
Package epstopdf Info: Source file: <./Version1/FigChapter5/Extraction/SigpPb_A
fter.eps>
(epstopdf)                    date: 2017-02-22 13:54:58
(epstopdf)                    size: 24586 bytes
(epstopdf)             Output file: <./Version1/FigChapter5/Extraction/SigpPb_A
fter-eps-converted-to.pdf>
(epstopdf)                    date: 2017-02-23 16:16:51
(epstopdf)                    size: 18684 bytes
(epstopdf)             Command: <repstopdf --outfile=./Version1/FigChapter5/Ext
raction/SigpPb_After-eps-converted-to.pdf ./Version1/FigChapter5/Extraction/Sig
pPb_After.eps>
(epstopdf)             \includegraphics on input line 303.
Package epstopdf Info: Output file is already uptodate.

<./Version1/FigChapter5/Extraction/SigpPb_After-eps-converted-to.pdf, id=765, 5
69.12625pt x 409.53pt>
File: ./Version1/FigChapter5/Extraction/SigpPb_After-eps-converted-to.pdf Graph
ic file (type pdf)

<use ./Version1/FigChapter5/Extraction/SigpPb_After-eps-converted-to.pdf>
Package pdftex.def Info: ./Version1/FigChapter5/Extraction/SigpPb_After-eps-con
verted-to.pdf used on input line 303.
(pdftex.def)             Requested size: 341.43306pt x 245.69489pt.
Package epstopdf Info: Source file: <./Version1/FigChapter5/Extraction/SigPbPb_
After.eps>
(epstopdf)                    date: 2017-02-23 15:43:32
(epstopdf)                    size: 22520 bytes
(epstopdf)             Output file: <./Version1/FigChapter5/Extraction/SigPbPb_
After-eps-converted-to.pdf>
(epstopdf)                    date: 2017-02-23 16:16:51
(epstopdf)                    size: 17140 bytes
(epstopdf)             Command: <repstopdf --outfile=./Version1/FigChapter5/Ext
raction/SigPbPb_After-eps-converted-to.pdf ./Version1/FigChapter5/Extraction/Si
gPbPb_After.eps>
(epstopdf)             \includegraphics on input line 314.
Package epstopdf Info: Output file is already uptodate.

<./Version1/FigChapter5/Extraction/SigPbPb_After-eps-converted-to.pdf, id=766, 
569.12625pt x 409.53pt>
File: ./Version1/FigChapter5/Extraction/SigPbPb_After-eps-converted-to.pdf Grap
hic file (type pdf)

<use ./Version1/FigChapter5/Extraction/SigPbPb_After-eps-converted-to.pdf>
Package pdftex.def Info: ./Version1/FigChapter5/Extraction/SigPbPb_After-eps-co
nverted-to.pdf used on input line 314.
(pdftex.def)             Requested size: 341.43306pt x 245.69489pt.

[23 <./Version1/FigChapter5/Extraction/SigpPb_After-eps-converted-to.pdf>]
[24 <./Version1/FigChapter5/Extraction/SigPbPb_After-eps-converted-to.pdf>]
Package epstopdf Info: Source file: <./Version1/FigChapter5/Extraction/pPbWidth
MB.eps>
(epstopdf)                    date: 2017-02-22 14:52:53
(epstopdf)                    size: 13317 bytes
(epstopdf)             Output file: <./Version1/FigChapter5/Extraction/pPbWidth
MB-eps-converted-to.pdf>
(epstopdf)                    date: 2017-02-23 16:16:52
(epstopdf)                    size: 11451 bytes
(epstopdf)             Command: <repstopdf --outfile=./Version1/FigChapter5/Ext
raction/pPbWidthMB-eps-converted-to.pdf ./Version1/FigChapter5/Extraction/pPbWi
dthMB.eps>
(epstopdf)             \includegraphics on input line 328.
Package epstopdf Info: Output file is already uptodate.

<./Version1/FigChapter5/Extraction/pPbWidthMB-eps-converted-to.pdf, id=808, 569
.12625pt x 386.44376pt>
File: ./Version1/FigChapter5/Extraction/pPbWidthMB-eps-converted-to.pdf Graphic
 file (type pdf)

<use ./Version1/FigChapter5/Extraction/pPbWidthMB-eps-converted-to.pdf>
Package pdftex.def Info: ./Version1/FigChapter5/Extraction/pPbWidthMB-eps-conve
rted-to.pdf used on input line 328.
(pdftex.def)             Requested size: 284.52756pt x 193.2037pt.
Package epstopdf Info: Source file: <./Version1/FigChapter5/Extraction/PbPbWidt
hMB.eps>
(epstopdf)                    date: 2017-02-23 16:04:02
(epstopdf)                    size: 12684 bytes
(epstopdf)             Output file: <./Version1/FigChapter5/Extraction/PbPbWidt
hMB-eps-converted-to.pdf>
(epstopdf)                    date: 2017-02-23 16:16:52
(epstopdf)                    size: 12825 bytes
(epstopdf)             Command: <repstopdf --outfile=./Version1/FigChapter5/Ext
raction/PbPbWidthMB-eps-converted-to.pdf ./Version1/FigChapter5/Extraction/PbPb
WidthMB.eps>
(epstopdf)             \includegraphics on input line 330.
Package epstopdf Info: Output file is already uptodate.

<./Version1/FigChapter5/Extraction/PbPbWidthMB-eps-converted-to.pdf, id=809, 56
9.12625pt x 386.44376pt>
File: ./Version1/FigChapter5/Extraction/PbPbWidthMB-eps-converted-to.pdf Graphi
c file (type pdf)

<use ./Version1/FigChapter5/Extraction/PbPbWidthMB-eps-converted-to.pdf>
Package pdftex.def Info: ./Version1/FigChapter5/Extraction/PbPbWidthMB-eps-conv
erted-to.pdf used on input line 330.
(pdftex.def)             Requested size: 284.52756pt x 193.2037pt.
Package epstopdf Info: Source file: <./Version1/FigChapter5/Extraction/pPbMass.
eps>
(epstopdf)                    date: 2017-02-22 14:58:40
(epstopdf)                    size: 18225 bytes
(epstopdf)             Output file: <./Version1/FigChapter5/Extraction/pPbMass-
eps-converted-to.pdf>
(epstopdf)                    date: 2017-02-23 16:16:53
(epstopdf)                    size: 13345 bytes
(epstopdf)             Command: <repstopdf --outfile=./Version1/FigChapter5/Ext
raction/pPbMass-eps-converted-to.pdf ./Version1/FigChapter5/Extraction/pPbMass.
eps>
(epstopdf)             \includegraphics on input line 340.
Package epstopdf Info: Output file is already uptodate.

<./Version1/FigChapter5/Extraction/pPbMass-eps-converted-to.pdf, id=810, 569.12
625pt x 386.44376pt>
File: ./Version1/FigChapter5/Extraction/pPbMass-eps-converted-to.pdf Graphic fi
le (type pdf)

<use ./Version1/FigChapter5/Extraction/pPbMass-eps-converted-to.pdf>
Package pdftex.def Info: ./Version1/FigChapter5/Extraction/pPbMass-eps-converte
d-to.pdf used on input line 340.
(pdftex.def)             Requested size: 284.52756pt x 193.2037pt.
Package epstopdf Info: Source file: <./Version1/FigChapter5/Extraction/PbPbMass
.eps>
(epstopdf)                    date: 2017-02-23 16:11:39
(epstopdf)                    size: 14917 bytes
(epstopdf)             Output file: <./Version1/FigChapter5/Extraction/PbPbMass
-eps-converted-to.pdf>
(epstopdf)                    date: 2017-02-23 16:16:53
(epstopdf)                    size: 12699 bytes
(epstopdf)             Command: <repstopdf --outfile=./Version1/FigChapter5/Ext
raction/PbPbMass-eps-converted-to.pdf ./Version1/FigChapter5/Extraction/PbPbMas
s.eps>
(epstopdf)             \includegraphics on input line 342.
Package epstopdf Info: Output file is already uptodate.

<./Version1/FigChapter5/Extraction/PbPbMass-eps-converted-to.pdf, id=811, 569.1
2625pt x 386.44376pt>
File: ./Version1/FigChapter5/Extraction/PbPbMass-eps-converted-to.pdf Graphic f
ile (type pdf)

<use ./Version1/FigChapter5/Extraction/PbPbMass-eps-converted-to.pdf>
Package pdftex.def Info: ./Version1/FigChapter5/Extraction/PbPbMass-eps-convert
ed-to.pdf used on input line 342.
(pdftex.def)             Requested size: 284.52756pt x 193.2037pt.
Package epstopdf Info: Source file: <./Version1/FigChapter5/Extraction/pPbRawYi
eld.eps>
(epstopdf)                    date: 2017-02-22 15:17:58
(epstopdf)                    size: 15992 bytes
(epstopdf)             Output file: <./Version1/FigChapter5/Extraction/pPbRawYi
eld-eps-converted-to.pdf>
(epstopdf)                    date: 2017-02-23 16:16:54
(epstopdf)                    size: 12469 bytes
(epstopdf)             Command: <repstopdf --outfile=./Version1/FigChapter5/Ext
raction/pPbRawYield-eps-converted-to.pdf ./Version1/FigChapter5/Extraction/pPbR
awYield.eps>
(epstopdf)             \includegraphics on input line 351.
Package epstopdf Info: Output file is already uptodate.

<./Version1/FigChapter5/Extraction/pPbRawYield-eps-converted-to.pdf, id=812, 56
9.12625pt x 386.44376pt>
File: ./Version1/FigChapter5/Extraction/pPbRawYield-eps-converted-to.pdf Graphi
c file (type pdf)

<use ./Version1/FigChapter5/Extraction/pPbRawYield-eps-converted-to.pdf>
Package pdftex.def Info: ./Version1/FigChapter5/Extraction/pPbRawYield-eps-conv
erted-to.pdf used on input line 351.
(pdftex.def)             Requested size: 284.52756pt x 193.2037pt.
Package epstopdf Info: Source file: <./Version1/FigChapter5/Extraction/PbPbRawY
ield.eps>
(epstopdf)                    date: 2017-02-23 16:16:44
(epstopdf)                    size: 12968 bytes
(epstopdf)             Output file: <./Version1/FigChapter5/Extraction/PbPbRawY
ield-eps-converted-to.pdf>
(epstopdf)                    date: 2017-02-23 16:16:54
(epstopdf)                    size: 11986 bytes
(epstopdf)             Command: <repstopdf --outfile=./Version1/FigChapter5/Ext
raction/PbPbRawYield-eps-converted-to.pdf ./Version1/FigChapter5/Extraction/PbP
bRawYield.eps>
(epstopdf)             \includegraphics on input line 353.
Package epstopdf Info: Output file is already uptodate.

<./Version1/FigChapter5/Extraction/PbPbRawYield-eps-converted-to.pdf, id=813, 5
69.12625pt x 386.44376pt>
File: ./Version1/FigChapter5/Extraction/PbPbRawYield-eps-converted-to.pdf Graph
ic file (type pdf)

<use ./Version1/FigChapter5/Extraction/PbPbRawYield-eps-converted-to.pdf>
Package pdftex.def Info: ./Version1/FigChapter5/Extraction/PbPbRawYield-eps-con
verted-to.pdf used on input line 353.
(pdftex.def)             Requested size: 284.52756pt x 193.2037pt.

[25] [26 <./Version1/FigChapter5/Extraction/pPbWidthMB-eps-converted-to.pdf> <.
/Version1/FigChapter5/Extraction/PbPbWidthMB-eps-converted-to.pdf>] [27 <./Vers
ion1/FigChapter5/Extraction/pPbMass-eps-converted-to.pdf> <./Version1/FigChapte
r5/Extraction/PbPbMass-eps-converted-to.pdf>] [28 <./Version1/FigChapter5/Extra
ction/pPbRawYield-eps-converted-to.pdf> <./Version1/FigChapter5/Extraction/PbPb
RawYield-eps-converted-to.pdf>]
Package epstopdf Info: Source file: <./Version1/FigChapter5/MC/Efficiency.eps>
(epstopdf)                    date: 2017-02-22 16:10:05
(epstopdf)                    size: 17339 bytes
(epstopdf)             Output file: <./Version1/FigChapter5/MC/Efficiency-eps-c
onverted-to.pdf>
(epstopdf)                    date: 2017-02-22 16:13:34
(epstopdf)                    size: 14359 bytes
(epstopdf)             Command: <repstopdf --outfile=./Version1/FigChapter5/MC/
Efficiency-eps-converted-to.pdf ./Version1/FigChapter5/MC/Efficiency.eps>
(epstopdf)             \includegraphics on input line 370.
Package epstopdf Info: Output file is already uptodate.

<./Version1/FigChapter5/MC/Efficiency-eps-converted-to.pdf, id=894, 569.12625pt
 x 386.44376pt>
File: ./Version1/FigChapter5/MC/Efficiency-eps-converted-to.pdf Graphic file (t
ype pdf)

<use ./Version1/FigChapter5/MC/Efficiency-eps-converted-to.pdf>
Package pdftex.def Info: ./Version1/FigChapter5/MC/Efficiency-eps-converted-to.
pdf used on input line 370.
(pdftex.def)             Requested size: 284.52756pt x 193.2037pt.
Package epstopdf Info: Source file: <./Version1/FigChapter5/MC/Weighting.eps>
(epstopdf)                    date: 2017-02-22 16:26:05
(epstopdf)                    size: 21787 bytes
(epstopdf)             Output file: <./Version1/FigChapter5/MC/Weighting-eps-co
nverted-to.pdf>
(epstopdf)                    date: 2017-02-22 16:26:09
(epstopdf)                    size: 16756 bytes
(epstopdf)             Command: <repstopdf --outfile=./Version1/FigChapter5/MC/
Weighting-eps-converted-to.pdf ./Version1/FigChapter5/MC/Weighting.eps>
(epstopdf)             \includegraphics on input line 380.
Package epstopdf Info: Output file is already uptodate.

<./Version1/FigChapter5/MC/Weighting-eps-converted-to.pdf, id=896, 569.12625pt 
x 386.44376pt>
File: ./Version1/FigChapter5/MC/Weighting-eps-converted-to.pdf Graphic file (ty
pe pdf)
 <use ./Version1/FigChapter5/MC/Weighting-eps-converted-to.pdf>
Package pdftex.def Info: ./Version1/FigChapter5/MC/Weighting-eps-converted-to.p
df used on input line 380.
(pdftex.def)             Requested size: 284.52756pt x 193.2037pt.

Overfull \hbox (7.69894pt too wide) in paragraph at lines 377--385
[]\OT1/cmr/m/n/10.95 Because the gen-er-ated $^^D(1530)[]$ spec-tra have dif-fe
r-ent shapes than the mea-sured $^^D(1530)[]$
 []

[29 <./Version1/FigChapter5/MC/Efficiency-eps-converted-to.pdf>]
Package epstopdf Info: Source file: <./Version1/FigChapter5/MC/MBEfficiency.eps
>
(epstopdf)                    date: 2017-02-22 16:14:37
(epstopdf)                    size: 13990 bytes
(epstopdf)             Output file: <./Version1/FigChapter5/MC/MBEfficiency-eps
-converted-to.pdf>
(epstopdf)                    date: 2017-02-22 16:14:50
(epstopdf)                    size: 12388 bytes
(epstopdf)             Command: <repstopdf --outfile=./Version1/FigChapter5/MC/
MBEfficiency-eps-converted-to.pdf ./Version1/FigChapter5/MC/MBEfficiency.eps>
(epstopdf)             \includegraphics on input line 399.
Package epstopdf Info: Output file is already uptodate.

<./Version1/FigChapter5/MC/MBEfficiency-eps-converted-to.pdf, id=916, 569.12625
pt x 386.44376pt>
File: ./Version1/FigChapter5/MC/MBEfficiency-eps-converted-to.pdf Graphic file 
(type pdf)

<use ./Version1/FigChapter5/MC/MBEfficiency-eps-converted-to.pdf>
Package pdftex.def Info: ./Version1/FigChapter5/MC/MBEfficiency-eps-converted-t
o.pdf used on input line 399.
(pdftex.def)             Requested size: 284.52756pt x 193.2037pt.
 [30 <./Version1/FigChapter5/MC/Weighting-eps-converted-to.pdf>]
Package epstopdf Info: Source file: <./Version1/FigChapter5/MC/PbPbEfficiency.e
ps>
(epstopdf)                    date: 2017-02-23 15:23:58
(epstopdf)                    size: 14542 bytes
(epstopdf)             Output file: <./Version1/FigChapter5/MC/PbPbEfficiency-e
ps-converted-to.pdf>
(epstopdf)                    date: 2017-02-23 15:27:07
(epstopdf)                    size: 15534 bytes
(epstopdf)             Command: <repstopdf --outfile=./Version1/FigChapter5/MC/
PbPbEfficiency-eps-converted-to.pdf ./Version1/FigChapter5/MC/PbPbEfficiency.ep
s>
(epstopdf)             \includegraphics on input line 410.
Package epstopdf Info: Output file is already uptodate.

<./Version1/FigChapter5/MC/PbPbEfficiency-eps-converted-to.pdf, id=939, 569.126
25pt x 386.44376pt>
File: ./Version1/FigChapter5/MC/PbPbEfficiency-eps-converted-to.pdf Graphic fil
e (type pdf)

<use ./Version1/FigChapter5/MC/PbPbEfficiency-eps-converted-to.pdf>
Package pdftex.def Info: ./Version1/FigChapter5/MC/PbPbEfficiency-eps-converted
-to.pdf used on input line 410.
(pdftex.def)             Requested size: 284.52756pt x 193.2037pt.
 [31 <./Version1/FigChapter5/MC/MBEfficiency-eps-converted-to.pdf>]

Package hyperref Warning: Token not allowed in a PDF string (PDFDocEncoding):
(hyperref)                removing `math shift' on input line 418.


Package hyperref Warning: Token not allowed in a PDF string (PDFDocEncoding):
(hyperref)                removing `subscript' on input line 418.


Package hyperref Warning: Token not allowed in a PDF string (PDFDocEncoding):
(hyperref)                removing `math shift' on input line 418.

Package epstopdf Info: Source file: <./Version1/FigChapter5/Spectra/StatSpectra
pPb.eps>
(epstopdf)                    date: 2017-02-24 19:32:41
(epstopdf)                    size: 19436 bytes
(epstopdf)             Output file: <./Version1/FigChapter5/Spectra/StatSpectra
pPb-eps-converted-to.pdf>
(epstopdf)                    date: 2017-02-24 19:33:00
(epstopdf)                    size: 14160 bytes
(epstopdf)             Command: <repstopdf --outfile=./Version1/FigChapter5/Spe
ctra/StatSpectrapPb-eps-converted-to.pdf ./Version1/FigChapter5/Spectra/StatSpe
ctrapPb.eps>
(epstopdf)             \includegraphics on input line 430.
Package epstopdf Info: Output file is already uptodate.

<./Version1/FigChapter5/Spectra/StatSpectrapPb-eps-converted-to.pdf, id=960, 56
9.12625pt x 386.44376pt>
File: ./Version1/FigChapter5/Spectra/StatSpectrapPb-eps-converted-to.pdf Graphi
c file (type pdf)

<use ./Version1/FigChapter5/Spectra/StatSpectrapPb-eps-converted-to.pdf>
Package pdftex.def Info: ./Version1/FigChapter5/Spectra/StatSpectrapPb-eps-conv
erted-to.pdf used on input line 430.
(pdftex.def)             Requested size: 284.52756pt x 193.2037pt.
Package epstopdf Info: Source file: <./Version1/FigChapter5/Spectra/StatSpectra
PbPb.eps>
(epstopdf)                    date: 2017-02-23 15:11:39
(epstopdf)                    size: 17292 bytes
(epstopdf)             Output file: <./Version1/FigChapter5/Spectra/StatSpectra
PbPb-eps-converted-to.pdf>
(epstopdf)                    date: 2017-02-23 15:13:07
(epstopdf)                    size: 13292 bytes
(epstopdf)             Command: <repstopdf --outfile=./Version1/FigChapter5/Spe
ctra/StatSpectraPbPb-eps-converted-to.pdf ./Version1/FigChapter5/Spectra/StatSp
ectraPbPb.eps>
(epstopdf)             \includegraphics on input line 438.
Package epstopdf Info: Output file is already uptodate.

<./Version1/FigChapter5/Spectra/StatSpectraPbPb-eps-converted-to.pdf, id=961, 5
69.12625pt x 405.515pt>
File: ./Version1/FigChapter5/Spectra/StatSpectraPbPb-eps-converted-to.pdf Graph
ic file (type pdf)

<use ./Version1/FigChapter5/Spectra/StatSpectraPbPb-eps-converted-to.pdf>
Package pdftex.def Info: ./Version1/FigChapter5/Spectra/StatSpectraPbPb-eps-con
verted-to.pdf used on input line 438.
(pdftex.def)             Requested size: 284.52756pt x 202.73842pt.

[32 <./Version1/FigChapter5/MC/PbPbEfficiency-eps-converted-to.pdf>] [33 <./Ver
sion1/FigChapter5/Spectra/StatSpectrapPb-eps-converted-to.pdf> <./Version1/FigC
hapter5/Spectra/StatSpectraPbPb-eps-converted-to.pdf>] [34]
Underfull \hbox (badness 10000) in paragraph at lines 481--482

 []


Underfull \hbox (badness 10000) in paragraph at lines 483--485

 []


Underfull \hbox (badness 10000) in paragraph at lines 487--489

 []


Underfull \hbox (badness 10000) in paragraph at lines 491--493

 []


Underfull \hbox (badness 10000) in paragraph at lines 495--497

 []


Underfull \hbox (badness 10000) in paragraph at lines 499--501

 []


Underfull \hbox (badness 10000) in paragraph at lines 502--504

 []

[35]
Underfull \hbox (badness 10000) in paragraph at lines 506--508

 []


Underfull \hbox (badness 10000) in paragraph at lines 509--511

 []


Underfull \hbox (badness 10000) in paragraph at lines 512--515

 []

Package epstopdf Info: Source file: <./Version1/FigChapter5/Systematic/pPbSysTo
talFinal.eps>
(epstopdf)                    date: 2017-02-22 17:23:09
(epstopdf)                    size: 10548 bytes
(epstopdf)             Output file: <./Version1/FigChapter5/Systematic/pPbSysTo
talFinal-eps-converted-to.pdf>
(epstopdf)                    date: 2017-02-23 14:34:17
(epstopdf)                    size: 10071 bytes
(epstopdf)             Command: <repstopdf --outfile=./Version1/FigChapter5/Sys
tematic/pPbSysTotalFinal-eps-converted-to.pdf ./Version1/FigChapter5/Systematic
/pPbSysTotalFinal.eps>
(epstopdf)             \includegraphics on input line 522.
Package epstopdf Info: Output file is already uptodate.

<./Version1/FigChapter5/Systematic/pPbSysTotalFinal-eps-converted-to.pdf, id=10
41, 569.12625pt x 338.26375pt>
File: ./Version1/FigChapter5/Systematic/pPbSysTotalFinal-eps-converted-to.pdf G
raphic file (type pdf)

<use ./Version1/FigChapter5/Systematic/pPbSysTotalFinal-eps-converted-to.pdf>
Package pdftex.def Info: ./Version1/FigChapter5/Systematic/pPbSysTotalFinal-eps
-converted-to.pdf used on input line 522.
(pdftex.def)             Requested size: 341.43306pt x 202.93916pt.
Package epstopdf Info: Source file: <./Version1/FigChapter5/Systematic/pPbCent.
eps>
(epstopdf)                    date: 2017-02-22 17:23:17
(epstopdf)                    size: 10732 bytes
(epstopdf)             Output file: <./Version1/FigChapter5/Systematic/pPbCent-
eps-converted-to.pdf>
(epstopdf)                    date: 2017-02-23 14:34:17
(epstopdf)                    size: 11493 bytes
(epstopdf)             Command: <repstopdf --outfile=./Version1/FigChapter5/Sys
tematic/pPbCent-eps-converted-to.pdf ./Version1/FigChapter5/Systematic/pPbCent.
eps>
(epstopdf)             \includegraphics on input line 530.
Package epstopdf Info: Output file is already uptodate.

<./Version1/FigChapter5/Systematic/pPbCent-eps-converted-to.pdf, id=1042, 569.1
2625pt x 338.26375pt>
File: ./Version1/FigChapter5/Systematic/pPbCent-eps-converted-to.pdf Graphic fi
le (type pdf)

<use ./Version1/FigChapter5/Systematic/pPbCent-eps-converted-to.pdf>
Package pdftex.def Info: ./Version1/FigChapter5/Systematic/pPbCent-eps-converte
d-to.pdf used on input line 530.
(pdftex.def)             Requested size: 341.43306pt x 202.93916pt.
Package epstopdf Info: Source file: <./Version1/FigChapter5/Systematic/PbPbSysT
otalFinal.eps>
(epstopdf)                    date: 2017-02-23 14:05:46
(epstopdf)                    size: 12923 bytes
(epstopdf)             Output file: <./Version1/FigChapter5/Systematic/PbPbSysT
otalFinal-eps-converted-to.pdf>
(epstopdf)                    date: 2017-02-23 14:34:18
(epstopdf)                    size: 10613 bytes
(epstopdf)             Command: <repstopdf --outfile=./Version1/FigChapter5/Sys
tematic/PbPbSysTotalFinal-eps-converted-to.pdf ./Version1/FigChapter5/Systemati
c/PbPbSysTotalFinal.eps>
(epstopdf)             \includegraphics on input line 539.
Package epstopdf Info: Output file is already uptodate.

<./Version1/FigChapter5/Systematic/PbPbSysTotalFinal-eps-converted-to.pdf, id=1
043, 569.12625pt x 338.26375pt>
File: ./Version1/FigChapter5/Systematic/PbPbSysTotalFinal-eps-converted-to.pdf 
Graphic file (type pdf)

<use ./Version1/FigChapter5/Systematic/PbPbSysTotalFinal-eps-converted-to.pdf>
Package pdftex.def Info: ./Version1/FigChapter5/Systematic/PbPbSysTotalFinal-ep
s-converted-to.pdf used on input line 539.
(pdftex.def)             Requested size: 341.43306pt x 202.93916pt.
Package epstopdf Info: Source file: <./Version1/FigChapter5/Systematic/PbPbCent
.eps>
(epstopdf)                    date: 2017-02-23 14:32:40
(epstopdf)                    size: 12384 bytes
(epstopdf)             Output file: <./Version1/FigChapter5/Systematic/PbPbCent
-eps-converted-to.pdf>
(epstopdf)                    date: 2017-02-23 14:34:18
(epstopdf)                    size: 11129 bytes
(epstopdf)             Command: <repstopdf --outfile=./Version1/FigChapter5/Sys
tematic/PbPbCent-eps-converted-to.pdf ./Version1/FigChapter5/Systematic/PbPbCen
t.eps>
(epstopdf)             \includegraphics on input line 548.
Package epstopdf Info: Output file is already uptodate.

<./Version1/FigChapter5/Systematic/PbPbCent-eps-converted-to.pdf, id=1044, 569.
12625pt x 338.26375pt>
File: ./Version1/FigChapter5/Systematic/PbPbCent-eps-converted-to.pdf Graphic f
ile (type pdf)

<use ./Version1/FigChapter5/Systematic/PbPbCent-eps-converted-to.pdf>
Package pdftex.def Info: ./Version1/FigChapter5/Systematic/PbPbCent-eps-convert
ed-to.pdf used on input line 548.
(pdftex.def)             Requested size: 341.43306pt x 202.93916pt.


LaTeX Warning: `!h' float specifier changed to `!ht'.

[36] [37 <./Version1/FigChapter5/Systematic/pPbSysTotalFinal-eps-converted-to.p
df> <./Version1/FigChapter5/Systematic/pPbCent-eps-converted-to.pdf>] [38 <./Ve
rsion1/FigChapter5/Systematic/PbPbSysTotalFinal-eps-converted-to.pdf> <./Versio
n1/FigChapter5/Systematic/PbPbCent-eps-converted-to.pdf>]

Package hyperref Warning: Token not allowed in a PDF string (PDFDocEncoding):
(hyperref)                removing `math shift' on input line 591.


Package hyperref Warning: Token not allowed in a PDF string (PDFDocEncoding):
(hyperref)                removing `\Xi' on input line 591.


Package hyperref Warning: Token not allowed in a PDF string (PDFDocEncoding):
(hyperref)                removing `superscript' on input line 591.


Package hyperref Warning: Token not allowed in a PDF string (PDFDocEncoding):
(hyperref)                removing `math shift' on input line 591.

Package epstopdf Info: Source file: <./Version1/FigChapter5/Spectra/SpectraStat
SyspPb.eps>
(epstopdf)                    date: 2017-02-22 17:49:17
(epstopdf)                    size: 29541 bytes
(epstopdf)             Output file: <./Version1/FigChapter5/Spectra/SpectraStat
SyspPb-eps-converted-to.pdf>
(epstopdf)                    date: 2017-02-23 12:16:28
(epstopdf)                    size: 18422 bytes
(epstopdf)             Command: <repstopdf --outfile=./Version1/FigChapter5/Spe
ctra/SpectraStatSyspPb-eps-converted-to.pdf ./Version1/FigChapter5/Spectra/Spec
traStatSyspPb.eps>
(epstopdf)             \includegraphics on input line 596.
Package epstopdf Info: Output file is already uptodate.

<./Version1/FigChapter5/Spectra/SpectraStatSyspPb-eps-converted-to.pdf, id=1097
, 569.12625pt x 547.04375pt>
File: ./Version1/FigChapter5/Spectra/SpectraStatSyspPb-eps-converted-to.pdf Gra
phic file (type pdf)

<use ./Version1/FigChapter5/Spectra/SpectraStatSyspPb-eps-converted-to.pdf>
Package pdftex.def Info: ./Version1/FigChapter5/Spectra/SpectraStatSyspPb-eps-c
onverted-to.pdf used on input line 596.
(pdftex.def)             Requested size: 341.43306pt x 328.19539pt.
Package epstopdf Info: Source file: <./Version1/FigChapter5/Spectra/SpectraStat
SysPbPb.eps>
(epstopdf)                    date: 2017-02-23 12:31:40
(epstopdf)                    size: 24927 bytes
(epstopdf)             Output file: <./Version1/FigChapter5/Spectra/SpectraStat
SysPbPb-eps-converted-to.pdf>
(epstopdf)                    date: 2017-02-23 12:33:28
(epstopdf)                    size: 19172 bytes
(epstopdf)             Command: <repstopdf --outfile=./Version1/FigChapter5/Spe
ctra/SpectraStatSysPbPb-eps-converted-to.pdf ./Version1/FigChapter5/Spectra/Spe
ctraStatSysPbPb.eps>
(epstopdf)             \includegraphics on input line 605.
Package epstopdf Info: Output file is already uptodate.

<./Version1/FigChapter5/Spectra/SpectraStatSysPbPb-eps-converted-to.pdf, id=109
8, 569.12625pt x 562.1pt>
File: ./Version1/FigChapter5/Spectra/SpectraStatSysPbPb-eps-converted-to.pdf Gr
aphic file (type pdf)

<use ./Version1/FigChapter5/Spectra/SpectraStatSysPbPb-eps-converted-to.pdf>
Package pdftex.def Info: ./Version1/FigChapter5/Spectra/SpectraStatSysPbPb-eps-
converted-to.pdf used on input line 605.
(pdftex.def)             Requested size: 341.43306pt x 337.2283pt.
)
(./Version1/Chapter6.tex

Package hyperref Warning: Token not allowed in a PDF string (PDFDocEncoding):
(hyperref)                removing `math shift' on input line 3.


Package hyperref Warning: Token not allowed in a PDF string (PDFDocEncoding):
(hyperref)                removing `math shift' on input line 3.


Package hyperref Warning: Token not allowed in a PDF string (PDFDocEncoding):
(hyperref)                removing `math shift' on input line 3.


Package hyperref Warning: Token not allowed in a PDF string (PDFDocEncoding):
(hyperref)                removing `math shift' on input line 3.


Package hyperref Warning: Token not allowed in a PDF string (PDFDocEncoding):
(hyperref)                removing `math shift' on input line 3.


Package hyperref Warning: Token not allowed in a PDF string (PDFDocEncoding):
(hyperref)                removing `\delimiter' on input line 3.


Package hyperref Warning: Token not allowed in a PDF string (PDFDocEncoding):
(hyperref)                removing `subscript' on input line 3.


Package hyperref Warning: Token not allowed in a PDF string (PDFDocEncoding):
(hyperref)                removing `\delimiter' on input line 3.


Package hyperref Warning: Token not allowed in a PDF string (PDFDocEncoding):
(hyperref)                removing `math shift' on input line 3.

) (./THESIS_v1.bbl [39] [40 <./Version1/FigChapter5/Spectra/SpectraStatSyspPb-e
ps-converted-to.pdf>] [41 <./Version1/FigChapter5/Spectra/SpectraStatSysPbPb-ep
s-converted-to.pdf>] [42])
Package atveryend Info: Empty hook `BeforeClearDocument' on input line 142.
 [43]
Package atveryend Info: Empty hook `AfterLastShipout' on input line 142.
 (./THESIS_v1.aux)
Package atveryend Info: Executing hook `AtVeryEndDocument' on input line 142.
Package atveryend Info: Executing hook `AtEndAfterFileList' on input line 142.
Package rerunfilecheck Info: File `THESIS_v1.out' has not changed.
(rerunfilecheck)             Checksum: F182602917148970D235251ECFC1BDA1;2660.


LaTeX Warning: There were multiply-defined labels.

Package atveryend Info: Empty hook `AtVeryVeryEnd' on input line 142.
 ) 
Here is how much of TeX's memory you used:
 6943 strings out of 493089
 110063 string characters out of 6134841
 207352 words of memory out of 5000000
 10092 multiletter control sequences out of 15000+600000
 23211 words of font info for 85 fonts, out of 8000000 for 9000
 1141 hyphenation exceptions out of 8191
 32i,12n,31p,1278b,484s stack positions out of 5000i,500n,10000p,200000b,80000s
</usr/local/texlive/2015/texmf-dist/fonts/type1/public/amsfonts/cm/cmbx10.pfb
></usr/local/texlive/2015/texmf-dist/fonts/type1/public/amsfonts/cm/cmbx12.pfb>
</usr/local/texlive/2015/texmf-dist/fonts/type1/public/amsfonts/cm/cmex10.pfb><
/usr/local/texlive/2015/texmf-dist/fonts/type1/public/amsfonts/cm/cmmi10.pfb></
usr/local/texlive/2015/texmf-dist/fonts/type1/public/amsfonts/cm/cmmi12.pfb></u
sr/local/texlive/2015/texmf-dist/fonts/type1/public/amsfonts/cm/cmmi6.pfb></usr
/local/texlive/2015/texmf-dist/fonts/type1/public/amsfonts/cm/cmmi8.pfb></usr/l
ocal/texlive/2015/texmf-dist/fonts/type1/public/amsfonts/cm/cmr10.pfb></usr/loc
al/texlive/2015/texmf-dist/fonts/type1/public/amsfonts/cm/cmr12.pfb></usr/local
/texlive/2015/texmf-dist/fonts/type1/public/amsfonts/cm/cmr17.pfb></usr/local/t
exlive/2015/texmf-dist/fonts/type1/public/amsfonts/cm/cmr6.pfb></usr/local/texl
ive/2015/texmf-dist/fonts/type1/public/amsfonts/cm/cmr8.pfb></usr/local/texlive
/2015/texmf-dist/fonts/type1/public/amsfonts/cm/cmss8.pfb></usr/local/texlive/2
015/texmf-dist/fonts/type1/public/amsfonts/cm/cmsy10.pfb></usr/local/texlive/20
15/texmf-dist/fonts/type1/public/amsfonts/cm/cmsy6.pfb></usr/local/texlive/2015
/texmf-dist/fonts/type1/public/amsfonts/cm/cmsy8.pfb></usr/local/texlive/2015/t
exmf-dist/fonts/type1/public/amsfonts/cm/cmti10.pfb></usr/local/texlive/2015/te
xmf-dist/fonts/type1/public/amsfonts/cm/cmti8.pfb></usr/local/texlive/2015/texm
f-dist/fonts/type1/public/amsfonts/cm/cmtt10.pfb>
Output written on THESIS_v1.pdf (43 pages, 6405498 bytes).
PDF statistics:
 1286 PDF objects out of 1440 (max. 8388607)
 1028 compressed objects within 11 object streams
 155 named destinations out of 1000 (max. 500000)
 499 words of extra memory for PDF output out of 10000 (max. 10000000)

