\BOOKMARK [1][-]{section*.2}{List of Figures}{}% 1
\BOOKMARK [1][-]{section*.3}{List of Tables}{}% 2
\BOOKMARK [1][-]{section.1}{The physics of relativistic heavy-ion collisions}{}% 3
\BOOKMARK [2][-]{subsection.1.1}{Standard model}{section.1}% 4
\BOOKMARK [2][-]{subsection.1.2}{QCD and Quark-Gloun plasma}{section.1}% 5
\BOOKMARK [2][-]{subsection.1.3}{Heavy Ion Collisions}{section.1}% 6
\BOOKMARK [1][-]{section.2}{Theoretical models}{}% 7
\BOOKMARK [2][-]{subsection.2.1}{Statistical-Thermal model}{section.2}% 8
\BOOKMARK [3][-]{subsubsection.2.1.1}{Calculations}{subsection.2.1}% 9
\BOOKMARK [3][-]{subsubsection.2.1.2}{Results and comparison with data}{subsection.2.1}% 10
\BOOKMARK [2][-]{subsection.2.2}{EPOS, UrQMD}{section.2}% 11
\BOOKMARK [1][-]{section.3}{Production of hyperon resonance}{}% 12
\BOOKMARK [2][-]{subsection.3.1}{Strange quark and hyperons}{section.3}% 13
\BOOKMARK [2][-]{subsection.3.2}{Resonance production}{section.3}% 14
\BOOKMARK [1][-]{section.4}{A Large Ion Collider Experiment at the LHC}{}% 15
\BOOKMARK [2][-]{subsection.4.1}{The Large Hadron Collider}{section.4}% 16
\BOOKMARK [2][-]{subsection.4.2}{The ALICE project}{section.4}% 17
\BOOKMARK [3][-]{subsubsection.4.2.1}{ALICE detector}{subsection.4.2}% 18
\BOOKMARK [3][-]{subsubsection.4.2.2}{Data Acquisition \(DAQ\) and trigger system}{subsection.4.2}% 19
\BOOKMARK [3][-]{subsubsection.4.2.3}{ALICE offline software frame work}{subsection.4.2}% 20
\BOOKMARK [1][-]{section.5}{Measurement of \(1530\)0 production in p\205Pb and Pb-Pb}{}% 21
\BOOKMARK [2][-]{subsection.5.1}{\(1530\)0 -reconstruction}{section.5}% 22
\BOOKMARK [3][-]{subsubsection.5.1.1}{Data sample and event selection}{subsection.5.1}% 23
\BOOKMARK [3][-]{subsubsection.5.1.2}{Track and topological selection}{subsection.5.1}% 24
\BOOKMARK [3][-]{subsubsection.5.1.3}{Particle identification}{subsection.5.1}% 25
\BOOKMARK [3][-]{subsubsection.5.1.4}{Signal extraction}{subsection.5.1}% 26
\BOOKMARK [2][-]{subsection.5.2}{Efficiency correction}{section.5}% 27
\BOOKMARK [2][-]{subsection.5.3}{Corrected pT-spectra}{section.5}% 28
\BOOKMARK [2][-]{subsection.5.4}{Systematic uncertainties}{section.5}% 29
\BOOKMARK [2][-]{subsection.5.5}{\(1530\)0 \040transverse momentum spectra}{section.5}% 30
\BOOKMARK [1][-]{section.6}{Further results and discussion}{}% 31
\BOOKMARK [2][-]{subsection.6.1}{Mean transverse momentum}{section.6}% 32
\BOOKMARK [2][-]{subsection.6.2}{Particle yield ratios}{section.6}% 33
\BOOKMARK [3][-]{subsubsection.6.2.1}{Integrated yield ratios of excited to ground-state hadrons}{subsection.6.2}% 34
\BOOKMARK [2][-]{subsection.6.3}{Integrated yield ratios to pion}{section.6}% 35
\BOOKMARK [1][-]{section*.4}{References}{}% 36
