\BOOKMARK [1][-]{section*.2}{List of Figures}{}% 1
\BOOKMARK [1][-]{section*.3}{List of Tables}{}% 2
\BOOKMARK [1][-]{section.1}{The physics of relativistic heavy-ion collisions}{}% 3
\BOOKMARK [2][-]{subsection.1.1}{Standard model}{section.1}% 4
\BOOKMARK [2][-]{subsection.1.2}{Quantum Chromo-Dynamics}{section.1}% 5
\BOOKMARK [2][-]{subsection.1.3}{Heavy Ion Collisions}{section.1}% 6
\BOOKMARK [1][-]{section.2}{Production of resonance with strangeness}{}% 7
\BOOKMARK [2][-]{subsection.2.1}{Resonance with strangeness}{section.2}% 8
\BOOKMARK [1][-]{section.3}{Theoretical models}{}% 9
\BOOKMARK [2][-]{subsection.3.1}{Thermal statistical model}{section.3}% 10
\BOOKMARK [3][-]{subsubsection.3.1.1}{Calculations}{subsection.3.1}% 11
\BOOKMARK [3][-]{subsubsection.3.1.2}{Results}{subsection.3.1}% 12
\BOOKMARK [3][-]{subsubsection.3.1.3}{Comparison with data}{subsection.3.1}% 13
\BOOKMARK [2][-]{subsection.3.2}{UrQMD}{section.3}% 14
\BOOKMARK [1][-]{section.4}{A Large Ion Collider Experiment at the LHC}{}% 15
\BOOKMARK [2][-]{subsection.4.1}{The Large Hadron Collider}{section.4}% 16
\BOOKMARK [2][-]{subsection.4.2}{The ALICE project}{section.4}% 17
\BOOKMARK [3][-]{subsubsection.4.2.1}{ALICE detector}{subsection.4.2}% 18
\BOOKMARK [3][-]{subsubsection.4.2.2}{Data Acquisition \(DAQ\) and trigger system}{subsection.4.2}% 19
\BOOKMARK [3][-]{subsubsection.4.2.3}{ALICE offline software frame work}{subsection.4.2}% 20
\BOOKMARK [1][-]{section.5}{Measurement of \(1530\)0production in p\205Pb}{}% 21
\BOOKMARK [2][-]{subsection.5.1}{\(1530\)0-reconstruction}{section.5}% 22
\BOOKMARK [3][-]{subsubsection.5.1.1}{Data sample and event selection}{subsection.5.1}% 23
\BOOKMARK [3][-]{subsubsection.5.1.2}{Track and topological selection}{subsection.5.1}% 24
\BOOKMARK [3][-]{subsubsection.5.1.3}{Particle identification}{subsection.5.1}% 25
\BOOKMARK [3][-]{subsubsection.5.1.4}{Signal extraction}{subsection.5.1}% 26
\BOOKMARK [2][-]{subsection.5.2}{Efficiency correction}{section.5}% 27
\BOOKMARK [2][-]{subsection.5.3}{Corrected pT-spectra}{section.5}% 28
\BOOKMARK [2][-]{subsection.5.4}{Systematic uncertainties}{section.5}% 29
\BOOKMARK [3][-]{subsubsection.5.4.1}{Subgroup of systematic uncertainties}{subsection.5.4}% 30
\BOOKMARK [3][-]{subsubsection.5.4.2}{Summary of systematic uncertainties}{subsection.5.4}% 31
\BOOKMARK [2][-]{subsection.5.5}{\(1530\)0transverse momentum spectra}{section.5}% 32
\BOOKMARK [1][-]{section.6}{Measurement of \(1530\)0production in Pb\205Pb}{}% 33
\BOOKMARK [2][-]{subsection.6.1}{\(1530\)0-reconstruction}{section.6}% 34
\BOOKMARK [3][-]{subsubsection.6.1.1}{Data sample and event selection}{subsection.6.1}% 35
\BOOKMARK [3][-]{subsubsection.6.1.2}{Topological selection}{subsection.6.1}% 36
\BOOKMARK [3][-]{subsubsection.6.1.3}{Particle identification}{subsection.6.1}% 37
\BOOKMARK [2][-]{subsection.6.2}{Efficiency correction}{section.6}% 38
\BOOKMARK [2][-]{subsection.6.3}{Systematic uncertainties}{section.6}% 39
\BOOKMARK [2][-]{subsection.6.4}{\(1530\)0transverse momentum spectra}{section.6}% 40
\BOOKMARK [1][-]{section.7}{Results}{}% 41
\BOOKMARK [2][-]{subsection.7.1}{dN/dy and "426830A pT"526930B }{section.7}% 42
\BOOKMARK [2][-]{subsection.7.2}{Particle yield ratios}{section.7}% 43
\BOOKMARK [3][-]{subsubsection.7.2.1}{Comparison with other resonances}{subsection.7.2}% 44
\BOOKMARK [3][-]{subsubsection.7.2.2}{Comparison with models}{subsection.7.2}% 45
\BOOKMARK [1][-]{section*.4}{References}{}% 46
